2021-11-28 13:53:45.814  INFO 10288 --- [main] c.l.s.SpringSecurityJwtApplication       : Starting SpringSecurityJwtApplication on SGSLP085 with PID 10288 (D:\005_timepass_workspace\spring-security-jwt-master\spring-security-jwt-master\target\classes started by SGSLP085 in D:\005_timepass_workspace\spring-security-jwt-master\spring-security-jwt-master)
2021-11-28 13:53:45.817  INFO 10288 --- [main] c.l.s.SpringSecurityJwtApplication       : No active profile set, falling back to default profiles: default
2021-11-28 13:53:46.305  INFO 10288 --- [main] .s.d.r.c.RepositoryConfigurationDelegate : Bootstrapping Spring Data repositories in DEFAULT mode.
2021-11-28 13:53:46.352  INFO 10288 --- [main] .s.d.r.c.RepositoryConfigurationDelegate : Finished Spring Data repository scanning in 40ms. Found 1 repository interfaces.
2021-11-28 13:53:46.607  INFO 10288 --- [main] trationDelegate$BeanPostProcessorChecker : Bean 'org.springframework.transaction.annotation.ProxyTransactionManagementConfiguration' of type [org.springframework.transaction.annotation.ProxyTransactionManagementConfiguration$$EnhancerBySpringCGLIB$$d1664e8] is not eligible for getting processed by all BeanPostProcessors (for example: not eligible for auto-proxying)
2021-11-28 13:53:47.035  INFO 10288 --- [main] o.s.b.w.embedded.tomcat.TomcatWebServer  : Tomcat initialized with port(s): 8080 (http)
2021-11-28 13:53:47.056  INFO 10288 --- [main] o.apache.catalina.core.StandardService   : Starting service [Tomcat]
2021-11-28 13:53:47.056  INFO 10288 --- [main] org.apache.catalina.core.StandardEngine  : Starting Servlet engine: [Apache Tomcat/9.0.26]
2021-11-28 13:53:47.139  INFO 10288 --- [main] o.a.c.c.C.[Tomcat].[localhost].[/]       : Initializing Spring embedded WebApplicationContext
2021-11-28 13:53:47.139  INFO 10288 --- [main] o.s.web.context.ContextLoader            : Root WebApplicationContext: initialization completed in 1288 ms
2021-11-28 13:53:47.327  INFO 10288 --- [main] com.zaxxer.hikari.HikariDataSource       : HikariPool-1 - Starting...
2021-11-28 13:53:47.697  INFO 10288 --- [main] com.zaxxer.hikari.HikariDataSource       : HikariPool-1 - Start completed.
2021-11-28 13:53:47.728  INFO 10288 --- [main] o.hibernate.jpa.internal.util.LogHelper  : HHH000204: Processing PersistenceUnitInfo [
	name: default
	...]
2021-11-28 13:53:47.769  INFO 10288 --- [main] org.hibernate.Version                    : HHH000412: Hibernate Core {5.3.12.Final}
2021-11-28 13:53:47.770  INFO 10288 --- [main] org.hibernate.cfg.Environment            : HHH000206: hibernate.properties not found
2021-11-28 13:53:47.877  INFO 10288 --- [main] o.hibernate.annotations.common.Version   : HCANN000001: Hibernate Commons Annotations {5.1.2.Final}
2021-11-28 13:53:48.018  INFO 10288 --- [main] org.hibernate.dialect.Dialect            : HHH000400: Using dialect: org.hibernate.dialect.Oracle12cDialect
2021-11-28 13:53:48.142  INFO 10288 --- [main] org.hibernate.type.BasicTypeRegistry     : HHH000270: Type registration [byte[]] overrides previous : org.hibernate.type.BinaryType@78d71df1
2021-11-28 13:53:48.142  INFO 10288 --- [main] org.hibernate.type.BasicTypeRegistry     : HHH000270: Type registration [[B] overrides previous : org.hibernate.type.BinaryType@78d71df1
2021-11-28 13:53:48.142  INFO 10288 --- [main] org.hibernate.type.BasicTypeRegistry     : HHH000270: Type registration [Byte[]] overrides previous : org.hibernate.type.WrapperBinaryType@dd4aec3
2021-11-28 13:53:48.143  INFO 10288 --- [main] org.hibernate.type.BasicTypeRegistry     : HHH000270: Type registration [[Ljava.lang.Byte;] overrides previous : org.hibernate.type.WrapperBinaryType@dd4aec3
2021-11-28 13:53:49.650  INFO 10288 --- [main] j.LocalContainerEntityManagerFactoryBean : Initialized JPA EntityManagerFactory for persistence unit 'default'
2021-11-28 13:53:50.153  INFO 10288 --- [main] o.s.s.web.DefaultSecurityFilterChain     : Creating filter chain: any request, [org.springframework.security.web.context.request.async.WebAsyncManagerIntegrationFilter@702096ef, org.springframework.security.web.context.SecurityContextPersistenceFilter@31ab4859, org.springframework.security.web.header.HeaderWriterFilter@660296d5, org.springframework.security.web.authentication.logout.LogoutFilter@24a3d414, com.love2code.springsecurityjwt.filters.JwtRequestFilter@6d17914a, org.springframework.security.web.savedrequest.RequestCacheAwareFilter@29d3d0fb, org.springframework.security.web.servletapi.SecurityContextHolderAwareRequestFilter@740c4868, org.springframework.security.web.authentication.AnonymousAuthenticationFilter@5f0d8937, org.springframework.security.web.session.SessionManagementFilter@3348c987, org.springframework.security.web.access.ExceptionTranslationFilter@573a078, org.springframework.security.web.access.intercept.FilterSecurityInterceptor@6113a26f]
2021-11-28 13:53:50.291  INFO 10288 --- [main] o.s.s.concurrent.ThreadPoolTaskExecutor  : Initializing ExecutorService 'applicationTaskExecutor'
2021-11-28 13:53:50.319  WARN 10288 --- [main] aWebConfiguration$JpaWebMvcConfiguration : spring.jpa.open-in-view is enabled by default. Therefore, database queries may be performed during view rendering. Explicitly configure spring.jpa.open-in-view to disable this warning
2021-11-28 13:53:50.458  INFO 10288 --- [main] o.s.b.w.embedded.tomcat.TomcatWebServer  : Tomcat started on port(s): 8080 (http) with context path ''
2021-11-28 13:53:50.459  INFO 10288 --- [main] c.l.s.SpringSecurityJwtApplication       : Started SpringSecurityJwtApplication in 4.885 seconds (JVM running for 5.155)
